<?xml version="1.0" encoding="UTF-8"?>
<testsuite name="登陆测试"
           tests="7"
           failures="0"
           errors="0"
           skipped="0"
           time="55.944">
  <properties />
  
  
            <testcase name="login_fail1_test" time="3.890" classname="test.LoginTest" />
                <testcase name="login_fail4_test" time="8.530" classname="test.LoginTest" />
                <testcase name="login_fail2_test" time="8.516" classname="test.LoginTest" />
                <testcase name="login_fail6_test" time="8.499" classname="test.LoginTest" />
                <testcase name="login_success_test" time="9.567" classname="test.LoginTest" />
                <testcase name="login_fail3_test" time="8.448" classname="test.LoginTest" />
                <testcase name="login_fail5_test" time="8.494" classname="test.LoginTest" />
      
</testsuite>
